<?xml version="1.0" encoding="UTF-8"?>
<!-- Generated by org.testng.reporters.JUnitReportReporter -->
<testsuite skipped="0" hostname="ARUNS" name="org.tditproject.qa.tests.LoginPageTest" tests="5" failures="0" timestamp="2023-01-27T10:08:19 IST" time="29.490" errors="0">
  <testcase name="verify_LoginPage_Header" time="14.982" classname="org.tditproject.qa.tests.LoginPageTest"/>
  <testcase name="verify_LoginPage_Tittle" time="2.794" classname="org.tditproject.qa.tests.LoginPageTest"/>
  <testcase name="verify_Incorrect_Login" time="3.334" classname="org.tditproject.qa.tests.LoginPageTest"/>
  <testcase name="verify_Correct_Login" time="4.181" classname="org.tditproject.qa.tests.LoginPageTest"/>
  <testcase name="verify_Blank_Inputs" time="4.199" classname="org.tditproject.qa.tests.LoginPageTest"/>
</testsuite> <!-- org.tditproject.qa.tests.LoginPageTest -->
