<?xml version="1.0" encoding="UTF-8"?>
<!-- Generated by org.testng.reporters.JUnitReportReporter -->
<testsuite skipped="0" hostname="ARUNS" name="org.tditproject.qa.tests.HomePageTest" tests="2" failures="0" timestamp="2023-01-27T10:08:19 IST" time="10.826" errors="0">
  <testcase name="verify_Sidebar_Header_Links" time="3.978" classname="org.tditproject.qa.tests.HomePageTest"/>
  <testcase name="verify_Sidebar_Headers" time="6.848" classname="org.tditproject.qa.tests.HomePageTest"/>
</testsuite> <!-- org.tditproject.qa.tests.HomePageTest -->
